Running lexer on program 1/11: pass
Input program:
if !(((((Fz)) + Xib)) + 8 * (Cylw - iCWK) * WLEu - (yYv) + 9 / 40 * ((83)) * (nxJI) - ((OamH) + ((48))) / 27<=(((((2))) - UVjr))) then skip;
 else if !(0 * 3 * 0 / dW * 84 / 731 / (chqI) + 4>=gm + nA)||!(eod - (zlC + (8 + 6) * 724 + 381) - SdQ / 271 / ((50) - (5) + xF) / ZcSpc / (zU)>=NDPbz * xin) then while (3)<5 do EhZ := (bSOcm * 698 / adsve) + CBT;
 end else print(cRUD); end end
xFGIKW := qTZVu / 619 + bcPzdC / ((65) + tmO - 1);

skip;

print(Ytnjx);
Running lexer on program 2/11: pass
Input program:
693 := 5 / 105 / (367 + 59) / (139) / 333 / (7);

while (((194)) - 539 * (525)) - 765 - (((((315))))) * (840 + 862) + 299 * 91 * 0 * 3 - 851 * 419 * 84<(3) * 28 - 9&&!((40 * (((455)) + ((357)) + 36)) * ((41 + 892) + 879)<138 / (680 + 728)) do skip;
 end
if !(((427 - ((728)) + 439 + 250) / 134 * (01) * (((81)))) + 843 / (304 / 517 + 4 + 477 + (((923))))<=9 * 958) then 404 := 8 * 965 / (576 + ((((28)))) + 278);
 else while !(1 / (((277)) * 56 * 620)<=276) do 97 := 16 + 265 - 155 *# 134 / ((20)) * (8) * 837;
 end end
if 6>746 / 315 + (9 + 931) / (62 / 4 + 271)&&!((45 / 1)>174 / 55 - 431 / 93 + 42 - (808 + 267) / (41) * (774 + 465)) then while !(986 / (235 / 07 - ((915)) * (681) - 588 - (15) + (975) + 906) * 394>=01) do 876 := 43;
 end else skip;
 end
Running lexer on program 3/11: pass
Input program:
oMmJZN := Ku;

while pGyjQG=(833) do while !(984<Ebgfim / (2)) do skip;
 end end
Running lexer on program 4/11: pass
Input program:
if !((967 * ((378) - 133) + (211 - 654) / 533 / 320 - 580 * 70 - 283 + 49) * 125 + 118 + (194 * 843 - ((1)))>(67 + (1) + 7 * 777 + ((9)) + (369)) - 5) then while 745 * 896 / 459 / 144 + 229 + (866) * 83 * (92)<(98 * 264 / ((013)) / (142) + 54 - 60) do skip
 end else skip;
 end
509 := ((303) * 147 / 916 + 82 * 12 - 199 - 619) * (88 * 45 / 68 + 88 + 660 - 363) / 475 / 869 / 030 * ((3) + (733)) / (616) + 591 * 35 / (((3))) / (113) / 399 + (82 / 24);

97 := ((231 - 298 + 669) * ((93) - (542) + 768) * 205 - 0 * 396) * 104 + 782 / (860) * 14 - 577 + 446 / (714 - ((33)) - 666) / 308;

Running lexer on program 5/11: pass
Input program:
434 := 334 - 776 * 786 / 944

while !(((876) - 729 / 2) * 407!=935) do while !((7)<843 / ((685 + 7) * 663) * 0 * 945) do while (651) - ((877 + (((449))) - 467) / 340 * 7 - ((447)) - 976)=62 - 73 * 416 / 860 / (998 - 929) + 130 * 3 do skip;
 end end end
241 := 006;

print((bydE));
Running lexer on program 6/11: pass
Input program:
while kj / GKFL * 416 - 573<JVRsqJ / MRw do print((YMFKt)); end
Running lexer on program 7/11: pass
Input program:
if EujuZa / 9 - 39 / (8 / 0 + 102)=kPpK + eXa / ((3 + ((2))) / 3 + 706) / (6) / 4 - 0 * 76||RUzMz * jQCa / (3 + lSb - cjp - igyqly) * hPOF * (40) * (cG) * cJ>=ewz||mJY - 006=602 / ((016 - ((675)))) then skip;
 else skip;
 end
xyAOV := JzNr + WF / (9 * MFel) * (Cdq) * dMFxL - HxJRt / ((Qog) + yVTh);

Running lexer on program 8/11: pass
Input program:
xZoONC := 530 * (4 + 182 - ((MFP))) / 0 * uQS;

if odozL + ((8) / Fboj) * (4 + 6)<=(tqb / (198) - 56 / (((2)) - ceDtC)) then skip;
 else Nf := 188 / nmiqVO;
 end
while !(436 * fY>=roBbAs) do RUWQ := 50 / 213 * 955 / (3) + AAr;
 end
Running lexer on program 9/11: pass
Input program:
if 351 * 31 - 1 - 639 * 654 / ((((39#1)))) / 988=998 * ((273 + ((833))) * (561) * 0) * 937 * 2 then while !((766 + 66 * (647) + ((815) + ((284)))) * 642 - (958) + 38 * 330=(47 * 636 * 5 + 728))&&(992 - 534 / 165 + 457 * 783) / 691 * 943!=916 / (9 * 64 / 936 + 815 * 965) / (370 + 421 - 170) - 989 / 21 / (8 - 971 - (67) - 83) * 481 do while !(820 / 693=409 * 327) do while !(650 - 499 * (146 * 44) * 37 / 835=37 / 4 * (472)) do 443 := 576 - 765 / 562 * 914 / 52 + (6 / 518) * 900 / 512 * 25 / 104;
 end end end else while 868=1 do print(((((60))))); end end
if 893>527&&128 / (710 + 32 + 815) / 603!=208||((983 - 883 - ((152))) / 553 / ((260)) / 769 - 634 + 683) - 880 * (708 * 48) / 899 * 004!=851 then 430 := 905 * 307 - 444;
 else while !(9 * 6 / ((430 - 553)) + 686<637 / 958 + 276 / 941) do if !(161 / ((07) + 915 / 403) - ((((733))) - (272) / 200) / 315>103) then if 709<937||(645 / 428 / (92 + 908) * 492 - ((300) - 321 - (756)) * (371 - 543) / ((12)))<=927 - 64 * ((762) * (57)) * (((06))) then skip;
 else skip;
 end else while 462 / ((260) / 391 - 166 + 367) / (0 + 771) * (843 - (410) - 51 - 815)<=2 / 632 + 334 / 90 / 216 - 35 - (89) + 423 - 459&&!(718 + 917 + 780 / 4<=885) do print(74); end end end end
255 := 25 * 964;

skip;

Running lexer on program 10/11: pass
Input program:
skip;

print((SkB));
print(3);
skip;

Running lexer on program 11/11: pass
Input program:
whle !(((344 + 93 - 5) * 31 / 192) - (((964)) * 267) * 96>(742) + 458 - (179 + 399 + 383) * (951) / (71 + 333) * 656 - (6 + (88)) + 2 - 927 / (918)) do if !(((895 + 346) + 9) * 56 * 298 + 690 * (((7)) / 246)>370 * ((723 - 569) / (25 + ((990)))))||6!=92 / 254 / 68 + 245 / (695 - (866) - 67)&&237>188 * (491 / 464) then skip;
 else skip;
 end end
